# JRE version: OpenJDK Runtime Environment (17.0.10) (build 17.0.10+0--11609105)
# Java VM: OpenJDK 64-Bit Server VM (17.0.10+0--11609105, mixed mode, tiered, compressed oops, compressed class ptrs, g1 gc, windows-amd64)
GC Precious Log:
 CPUs: 12 total, 12 available
 Memory: 16163M
 Large Page Support: Disabled
 NUMA Support: Disabled
 Compressed Oops: Enabled (32-bit)
 Heap Region Size: 1M
 Heap Min Capacity: 8M
 Heap Initial Capacity: 254M
 Heap Max Capacity: 2G
 Pre-touch: Disabled
 Parallel Workers: 10
 Concurrent Workers: 3
 Concurrent Refinement Workers: 10
 Periodic GC: Disabled
Heap:
 garbage-first heap   total 339968K, used 125549K [0x0000000080000000, 0x0000000100000000)
  region size 1024K, 5 young (5120K), 5 survivors (5120K)
 Metaspace       used 108525K, committed 109312K, reserved 1179648K
  class space    used 15098K, committed 15424K, reserved 1048576K
GC Heap History (20 events):
Event: 10.325 GC heap after
{Heap after GC invocations=40 (full 0):
 garbage-first heap   total 249856K, used 118423K [0x0000000080000000, 0x0000000100000000)
  region size 1024K, 3 young (3072K), 3 survivors (3072K)
 Metaspace       used 105101K, committed 105856K, reserved 1179648K
  class space    used 14780K, committed 15168K, reserved 1048576K
}
Event: 10.416 GC heap before
{Heap before GC invocations=40 (full 0):
 garbage-first heap   total 249856K, used 207511K [0x0000000080000000, 0x0000000100000000)
  region size 1024K, 91 young (93184K), 3 survivors (3072K)
 Metaspace       used 105247K, committed 106048K, reserved 1179648K
  class space    used 14780K, committed 15168K, reserved 1048576K
}
Event: 10.419 GC heap after
{Heap after GC invocations=41 (full 0):
 garbage-first heap   total 249856K, used 119715K [0x0000000080000000, 0x0000000100000000)
  region size 1024K, 4 young (4096K), 4 survivors (4096K)
 Metaspace       used 105247K, committed 106048K, reserved 1179648K
  class space    used 14780K, committed 15168K, reserved 1048576K
}
Event: 10.613 GC heap before
{Heap before GC invocations=41 (full 0):
 garbage-first heap   total 249856K, used 208803K [0x0000000080000000, 0x0000000100000000)
  region size 1024K, 92 young (94208K), 4 survivors (4096K)
 Metaspace       used 106723K, committed 107520K, reserved 1179648K
  class space    used 14941K, committed 15296K, reserved 1048576K
}
Event: 10.616 GC heap after
{Heap after GC invocations=42 (full 0):
 garbage-first heap   total 249856K, used 121763K [0x0000000080000000, 0x0000000100000000)
  region size 1024K, 6 young (6144K), 6 survivors (6144K)
 Metaspace       used 106723K, committed 107520K, reserved 1179648K
  class space    used 14941K, committed 15296K, reserved 1048576K
}
Event: 10.680 GC heap before
{Heap before GC invocations=42 (full 0):
 garbage-first heap   total 249856K, used 209827K [0x0000000080000000, 0x0000000100000000)
  region size 1024K, 93 young (95232K), 6 survivors (6144K)
 Metaspace       used 107284K, committed 108096K, reserved 1179648K
  class space    used 14987K, committed 15360K, reserved 1048576K
}
Event: 10.683 GC heap after
{Heap after GC invocations=43 (full 0):
 garbage-first heap   total 249856K, used 122260K [0x0000000080000000, 0x0000000100000000)
  region size 1024K, 7 young (7168K), 7 survivors (7168K)
 Metaspace       used 107284K, committed 108096K, reserved 1179648K
  class space    used 14987K, committed 15360K, reserved 1048576K
}
Event: 10.729 GC heap before
{Heap before GC invocations=43 (full 0):
 garbage-first heap   total 249856K, used 177556K [0x0000000080000000, 0x0000000100000000)
  region size 1024K, 63 young (64512K), 7 survivors (7168K)
 Metaspace       used 107671K, committed 108416K, reserved 1179648K
  class space    used 15036K, committed 15360K, reserved 1048576K
}
Event: 10.733 GC heap after
{Heap after GC invocations=44 (full 0):
 garbage-first heap   total 310272K, used 123806K [0x0000000080000000, 0x0000000100000000)
  region size 1024K, 8 young (8192K), 8 survivors (8192K)
 Metaspace       used 107671K, committed 108416K, reserved 1179648K
  class space    used 15036K, committed 15360K, reserved 1048576K
}
Event: 10.885 GC heap before
{Heap before GC invocations=45 (full 0):
 garbage-first heap   total 319488K, used 257950K [0x0000000080000000, 0x0000000100000000)
  region size 1024K, 140 young (143360K), 8 survivors (8192K)
 Metaspace       used 108181K, committed 108928K, reserved 1179648K
  class space    used 15088K, committed 15424K, reserved 1048576K
}
Event: 10.889 GC heap after
{Heap after GC invocations=46 (full 0):
 garbage-first heap   total 319488K, used 122039K [0x0000000080000000, 0x0000000100000000)
  region size 1024K, 7 young (7168K), 7 survivors (7168K)
 Metaspace       used 108181K, committed 108928K, reserved 1179648K
  class space    used 15088K, committed 15424K, reserved 1048576K
}
Event: 10.904 GC heap before
{Heap before GC invocations=46 (full 0):
 garbage-first heap   total 319488K, used 129207K [0x0000000080000000, 0x0000000100000000)
  region size 1024K, 15 young (15360K), 7 survivors (7168K)
 Metaspace       used 108182K, committed 108928K, reserved 1179648K
  class space    used 15088K, committed 15424K, reserved 1048576K
}
Event: 10.907 GC heap after
{Heap after GC invocations=47 (full 0):
 garbage-first heap   total 319488K, used 118325K [0x0000000080000000, 0x0000000100000000)
  region size 1024K, 2 young (2048K), 2 survivors (2048K)
 Metaspace       used 108182K, committed 108928K, reserved 1179648K
  class space    used 15088K, committed 15424K, reserved 1048576K
}
Event: 11.020 GC heap before
{Heap before GC invocations=47 (full 0):
 garbage-first heap   total 319488K, used 271925K [0x0000000080000000, 0x0000000100000000)
  region size 1024K, 152 young (155648K), 2 survivors (2048K)
 Metaspace       used 108245K, committed 108992K, reserved 1179648K
  class space    used 15088K, committed 15424K, reserved 1048576K
}
Event: 11.022 GC heap after
{Heap after GC invocations=48 (full 0):
 garbage-first heap   total 319488K, used 121006K [0x0000000080000000, 0x0000000100000000)
  region size 1024K, 4 young (4096K), 4 survivors (4096K)
 Metaspace       used 108245K, committed 108992K, reserved 1179648K
  class space    used 15088K, committed 15424K, reserved 1048576K
}
Event: 11.123 GC heap before
{Heap before GC invocations=49 (full 0):
 garbage-first heap   total 339968K, used 270510K [0x0000000080000000, 0x0000000100000000)
  region size 1024K, 151 young (154624K), 4 survivors (4096K)
 Metaspace       used 108352K, committed 109120K, reserved 1179648K
  class space    used 15089K, committed 15424K, reserved 1048576K
}
Event: 11.127 GC heap after
{Heap after GC invocations=50 (full 0):
 garbage-first heap   total 339968K, used 122480K [0x0000000080000000, 0x0000000100000000)
  region size 1024K, 6 young (6144K), 6 survivors (6144K)
 Metaspace       used 108352K, committed 109120K, reserved 1179648K
  class space    used 15089K, committed 15424K, reserved 1048576K
}
Event: 11.133 GC heap before
{Heap before GC invocations=50 (full 0):
 garbage-first heap   total 339968K, used 132720K [0x0000000080000000, 0x0000000100000000)
  region size 1024K, 16 young (16384K), 6 survivors (6144K)
 Metaspace       used 108355K, committed 109120K, reserved 1179648K
  class space    used 15089K, committed 15424K, reserved 1048576K
}
Event: 11.136 GC heap after
{Heap after GC invocations=51 (full 0):
 garbage-first heap   total 339968K, used 120915K [0x0000000080000000, 0x0000000100000000)
  region size 1024K, 2 young (2048K), 2 survivors (2048K)
 Metaspace       used 108355K, committed 109120K, reserved 1179648K
  class space    used 15089K, committed 15424K, reserved 1048576K
}
Event: 11.221 GC heap before
{Heap before GC invocations=51 (full 0):
 garbage-first heap   total 339968K, used 285779K [0x0000000080000000, 0x0000000100000000)
  region size 1024K, 162 young (165888K), 2 survivors (2048K)
 Metaspace       used 108525K, committed 109312K, reserved 1179648K
  class space    used 15098K, committed 15424K, reserved 1048576K
}

