# JRE version: OpenJDK Runtime Environment (17.0.10) (build 17.0.10+0--11609105)
# Java VM: OpenJDK 64-Bit Server VM (17.0.10+0--11609105, mixed mode, tiered, compressed oops, compressed class ptrs, g1 gc, windows-amd64)
GC Precious Log:
 CPUs: 12 total, 12 available
 Memory: 16163M
 Large Page Support: Disabled
 NUMA Support: Disabled
 Compressed Oops: Enabled (32-bit)
 Heap Region Size: 1M
 Heap Min Capacity: 8M
 Heap Initial Capacity: 254M
 Heap Max Capacity: 2G
 Pre-touch: Disabled
 Parallel Workers: 10
 Concurrent Workers: 3
 Concurrent Refinement Workers: 10
 Periodic GC: Disabled
Heap:
 garbage-first heap   total 409600K, used 317952K [0x0000000080000000, 0x0000000100000000)
  region size 1024K, 4 young (4096K), 4 survivors (4096K)
 Metaspace       used 134091K, committed 134912K, reserved 1179648K
  class space    used 18108K, committed 18496K, reserved 1048576K
GC Heap History (20 events):
Event: 8.683 GC heap after
{Heap after GC invocations=38 (full 0):
 garbage-first heap   total 239616K, used 112499K [0x0000000080000000, 0x0000000100000000)
  region size 1024K, 7 young (7168K), 7 survivors (7168K)
 Metaspace       used 103136K, committed 103936K, reserved 1179648K
  class space    used 14451K, committed 14848K, reserved 1048576K
}
Event: 8.885 GC heap before
{Heap before GC invocations=38 (full 0):
 garbage-first heap   total 239616K, used 193395K [0x0000000080000000, 0x0000000100000000)
  region size 1024K, 87 young (89088K), 7 survivors (7168K)
 Metaspace       used 103509K, committed 104256K, reserved 1179648K
  class space    used 14491K, committed 14848K, reserved 1048576K
}
Event: 8.891 GC heap after
{Heap after GC invocations=39 (full 0):
 garbage-first heap   total 239616K, used 114781K [0x0000000080000000, 0x0000000100000000)
  region size 1024K, 9 young (9216K), 9 survivors (9216K)
 Metaspace       used 103509K, committed 104256K, reserved 1179648K
  class space    used 14491K, committed 14848K, reserved 1048576K
}
Event: 9.391 GC heap before
{Heap before GC invocations=39 (full 0):
 garbage-first heap   total 239616K, used 194653K [0x0000000080000000, 0x0000000100000000)
  region size 1024K, 88 young (90112K), 9 survivors (9216K)
 Metaspace       used 107011K, committed 107840K, reserved 1179648K
  class space    used 14948K, committed 15360K, reserved 1048576K
}
Event: 9.399 GC heap after
{Heap after GC invocations=40 (full 0):
 garbage-first heap   total 387072K, used 119542K [0x0000000080000000, 0x0000000100000000)
  region size 1024K, 11 young (11264K), 11 survivors (11264K)
 Metaspace       used 107011K, committed 107840K, reserved 1179648K
  class space    used 14948K, committed 15360K, reserved 1048576K
}
Event: 10.937 GC heap before
{Heap before GC invocations=40 (full 0):
 garbage-first heap   total 387072K, used 287478K [0x0000000080000000, 0x0000000100000000)
  region size 1024K, 171 young (175104K), 11 survivors (11264K)
 Metaspace       used 114267K, committed 115136K, reserved 1179648K
  class space    used 15807K, committed 16256K, reserved 1048576K
}
Event: 10.944 GC heap after
{Heap after GC invocations=41 (full 0):
 garbage-first heap   total 387072K, used 123873K [0x0000000080000000, 0x0000000100000000)
  region size 1024K, 15 young (15360K), 15 survivors (15360K)
 Metaspace       used 114267K, committed 115136K, reserved 1179648K
  class space    used 15807K, committed 16256K, reserved 1048576K
}
Event: 12.273 GC heap before
{Heap before GC invocations=42 (full 0):
 garbage-first heap   total 387072K, used 323553K [0x0000000080000000, 0x0000000100000000)
  region size 1024K, 200 young (204800K), 15 survivors (15360K)
 Metaspace       used 128237K, committed 129088K, reserved 1179648K
  class space    used 17308K, committed 17728K, reserved 1048576K
}
Event: 12.307 GC heap after
{Heap after GC invocations=43 (full 0):
 garbage-first heap   total 409600K, used 199087K [0x0000000080000000, 0x0000000100000000)
  region size 1024K, 25 young (25600K), 25 survivors (25600K)
 Metaspace       used 128237K, committed 129088K, reserved 1179648K
  class space    used 17308K, committed 17728K, reserved 1048576K
}
Event: 12.323 GC heap before
{Heap before GC invocations=43 (full 0):
 garbage-first heap   total 409600K, used 200111K [0x0000000080000000, 0x0000000100000000)
  region size 1024K, 26 young (26624K), 25 survivors (25600K)
 Metaspace       used 128446K, committed 129280K, reserved 1179648K
  class space    used 17339K, committed 17728K, reserved 1048576K
}
Event: 12.335 GC heap after
{Heap after GC invocations=44 (full 0):
 garbage-first heap   total 409600K, used 202752K [0x0000000080000000, 0x0000000100000000)
  region size 1024K, 3 young (3072K), 3 survivors (3072K)
 Metaspace       used 128446K, committed 129280K, reserved 1179648K
  class space    used 17339K, committed 17728K, reserved 1048576K
}
Event: 12.728 GC heap before
{Heap before GC invocations=44 (full 0):
 garbage-first heap   total 409600K, used 294912K [0x0000000080000000, 0x0000000100000000)
  region size 1024K, 93 young (95232K), 3 survivors (3072K)
 Metaspace       used 133998K, committed 134848K, reserved 1179648K
  class space    used 18108K, committed 18496K, reserved 1048576K
}
Event: 12.748 GC heap after
{Heap after GC invocations=45 (full 0):
 garbage-first heap   total 409600K, used 256512K [0x0000000080000000, 0x0000000100000000)
  region size 1024K, 12 young (12288K), 12 survivors (12288K)
 Metaspace       used 133998K, committed 134848K, reserved 1179648K
  class space    used 18108K, committed 18496K, reserved 1048576K
}
Event: 12.872 GC heap before
{Heap before GC invocations=46 (full 0):
 garbage-first heap   total 409600K, used 251392K [0x0000000080000000, 0x0000000100000000)
  region size 1024K, 53 young (54272K), 12 survivors (12288K)
 Metaspace       used 134059K, committed 134912K, reserved 1179648K
  class space    used 18108K, committed 18496K, reserved 1048576K
}
Event: 12.887 GC heap after
{Heap after GC invocations=47 (full 0):
 garbage-first heap   total 409600K, used 247296K [0x0000000080000000, 0x0000000100000000)
  region size 1024K, 7 young (7168K), 7 survivors (7168K)
 Metaspace       used 134059K, committed 134912K, reserved 1179648K
  class space    used 18108K, committed 18496K, reserved 1048576K
}
Event: 12.898 GC heap before
{Heap before GC invocations=47 (full 0):
 garbage-first heap   total 409600K, used 260608K [0x0000000080000000, 0x0000000100000000)
  region size 1024K, 20 young (20480K), 7 survivors (7168K)
 Metaspace       used 134059K, committed 134912K, reserved 1179648K
  class space    used 18108K, committed 18496K, reserved 1048576K
}
Event: 12.904 GC heap after
{Heap after GC invocations=48 (full 0):
 garbage-first heap   total 409600K, used 258048K [0x0000000080000000, 0x0000000100000000)
  region size 1024K, 3 young (3072K), 3 survivors (3072K)
 Metaspace       used 134059K, committed 134912K, reserved 1179648K
  class space    used 18108K, committed 18496K, reserved 1048576K
}
Event: 12.966 GC heap before
{Heap before GC invocations=48 (full 0):
 garbage-first heap   total 409600K, used 294912K [0x0000000080000000, 0x0000000100000000)
  region size 1024K, 39 young (39936K), 3 survivors (3072K)
 Metaspace       used 134091K, committed 134912K, reserved 1179648K
  class space    used 18108K, committed 18496K, reserved 1048576K
}
Event: 12.976 GC heap after
{Heap after GC invocations=49 (full 0):
 garbage-first heap   total 409600K, used 291270K [0x0000000080000000, 0x0000000100000000)
  region size 1024K, 5 young (5120K), 5 survivors (5120K)
 Metaspace       used 134091K, committed 134912K, reserved 1179648K
  class space    used 18108K, committed 18496K, reserved 1048576K
}
Event: 12.996 GC heap before
{Heap before GC invocations=49 (full 0):
 garbage-first heap   total 409600K, used 314822K [0x0000000080000000, 0x0000000100000000)
  region size 1024K, 28 young (28672K), 5 survivors (5120K)
 Metaspace       used 134091K, committed 134912K, reserved 1179648K
  class space    used 18108K, committed 18496K, reserved 1048576K
}

