# JRE version: OpenJDK Runtime Environment (17.0.10) (build 17.0.10+0--11609105)
# Java VM: OpenJDK 64-Bit Server VM (17.0.10+0--11609105, mixed mode, tiered, compressed oops, compressed class ptrs, g1 gc, windows-amd64)
GC Precious Log:
 CPUs: 12 total, 12 available
 Memory: 16163M
 Large Page Support: Disabled
 NUMA Support: Disabled
 Compressed Oops: Enabled (32-bit)
 Heap Region Size: 1M
 Heap Min Capacity: 8M
 Heap Initial Capacity: 254M
 Heap Max Capacity: 2G
 Pre-touch: Disabled
 Parallel Workers: 10
 Concurrent Workers: 3
 Concurrent Refinement Workers: 10
 Periodic GC: Disabled
Heap:
 garbage-first heap   total 413696K, used 203165K [0x0000000080000000, 0x0000000100000000)
  region size 1024K, 94 young (96256K), 10 survivors (10240K)
 Metaspace       used 107120K, committed 107968K, reserved 1179648K
  class space    used 15017K, committed 15424K, reserved 1048576K
GC Heap History (20 events):
Event: 5.484 GC heap before
{Heap before GC invocations=27 (full 0):
 garbage-first heap   total 217088K, used 168017K [0x0000000080000000, 0x0000000100000000)
  region size 1024K, 87 young (89088K), 1 survivors (1024K)
 Metaspace       used 79519K, committed 80128K, reserved 1179648K
  class space    used 10861K, committed 11136K, reserved 1048576K
}
Event: 5.487 GC heap after
{Heap after GC invocations=28 (full 0):
 garbage-first heap   total 217088K, used 84351K [0x0000000080000000, 0x0000000100000000)
  region size 1024K, 6 young (6144K), 6 survivors (6144K)
 Metaspace       used 79519K, committed 80128K, reserved 1179648K
  class space    used 10861K, committed 11136K, reserved 1048576K
}
Event: 5.897 GC heap before
{Heap before GC invocations=28 (full 0):
 garbage-first heap   total 217088K, used 168319K [0x0000000080000000, 0x0000000100000000)
  region size 1024K, 88 young (90112K), 6 survivors (6144K)
 Metaspace       used 83238K, committed 83840K, reserved 1179648K
  class space    used 11364K, committed 11648K, reserved 1048576K
}
Event: 5.903 GC heap after
{Heap after GC invocations=29 (full 0):
 garbage-first heap   total 217088K, used 90428K [0x0000000080000000, 0x0000000100000000)
  region size 1024K, 11 young (11264K), 11 survivors (11264K)
 Metaspace       used 83238K, committed 83840K, reserved 1179648K
  class space    used 11364K, committed 11648K, reserved 1048576K
}
Event: 6.379 GC heap before
{Heap before GC invocations=29 (full 0):
 garbage-first heap   total 217088K, used 172348K [0x0000000080000000, 0x0000000100000000)
  region size 1024K, 91 young (93184K), 11 survivors (11264K)
 Metaspace       used 89124K, committed 89792K, reserved 1179648K
  class space    used 12409K, committed 12736K, reserved 1048576K
}
Event: 6.385 GC heap after
{Heap after GC invocations=30 (full 0):
 garbage-first heap   total 217088K, used 93711K [0x0000000080000000, 0x0000000100000000)
  region size 1024K, 10 young (10240K), 10 survivors (10240K)
 Metaspace       used 89124K, committed 89792K, reserved 1179648K
  class space    used 12409K, committed 12736K, reserved 1048576K
}
Event: 6.970 GC heap before
{Heap before GC invocations=30 (full 0):
 garbage-first heap   total 217088K, used 174607K [0x0000000080000000, 0x0000000100000000)
  region size 1024K, 89 young (91136K), 10 survivors (10240K)
 Metaspace       used 94631K, committed 95296K, reserved 1179648K
  class space    used 13219K, committed 13568K, reserved 1048576K
}
Event: 6.976 GC heap after
{Heap after GC invocations=31 (full 0):
 garbage-first heap   total 217088K, used 97867K [0x0000000080000000, 0x0000000100000000)
  region size 1024K, 8 young (8192K), 8 survivors (8192K)
 Metaspace       used 94631K, committed 95296K, reserved 1179648K
  class space    used 13219K, committed 13568K, reserved 1048576K
}
Event: 7.468 GC heap before
{Heap before GC invocations=31 (full 0):
 garbage-first heap   total 217088K, used 175691K [0x0000000080000000, 0x0000000100000000)
  region size 1024K, 85 young (87040K), 8 survivors (8192K)
 Metaspace       used 100477K, committed 101184K, reserved 1179648K
  class space    used 14038K, committed 14400K, reserved 1048576K
}
Event: 7.473 GC heap after
{Heap after GC invocations=32 (full 0):
 garbage-first heap   total 217088K, used 102992K [0x0000000080000000, 0x0000000100000000)
  region size 1024K, 10 young (10240K), 10 survivors (10240K)
 Metaspace       used 100477K, committed 101184K, reserved 1179648K
  class space    used 14038K, committed 14400K, reserved 1048576K
}
Event: 7.731 GC heap before
{Heap before GC invocations=32 (full 0):
 garbage-first heap   total 217088K, used 175696K [0x0000000080000000, 0x0000000100000000)
  region size 1024K, 82 young (83968K), 10 survivors (10240K)
 Metaspace       used 102398K, committed 103168K, reserved 1179648K
  class space    used 14352K, committed 14720K, reserved 1048576K
}
Event: 7.738 GC heap after
{Heap after GC invocations=33 (full 0):
 garbage-first heap   total 217088K, used 109297K [0x0000000080000000, 0x0000000100000000)
  region size 1024K, 11 young (11264K), 11 survivors (11264K)
 Metaspace       used 102398K, committed 103168K, reserved 1179648K
  class space    used 14352K, committed 14720K, reserved 1048576K
}
Event: 7.893 GC heap before
{Heap before GC invocations=33 (full 0):
 garbage-first heap   total 217088K, used 176881K [0x0000000080000000, 0x0000000100000000)
  region size 1024K, 78 young (79872K), 11 survivors (11264K)
 Metaspace       used 102874K, committed 103680K, reserved 1179648K
  class space    used 14426K, committed 14784K, reserved 1048576K
}
Event: 7.899 GC heap after
{Heap after GC invocations=34 (full 0):
 garbage-first heap   total 217088K, used 112413K [0x0000000080000000, 0x0000000100000000)
  region size 1024K, 6 young (6144K), 6 survivors (6144K)
 Metaspace       used 102874K, committed 103680K, reserved 1179648K
  class space    used 14426K, committed 14784K, reserved 1048576K
}
Event: 8.082 GC heap before
{Heap before GC invocations=34 (full 0):
 garbage-first heap   total 217088K, used 176925K [0x0000000080000000, 0x0000000100000000)
  region size 1024K, 70 young (71680K), 6 survivors (6144K)
 Metaspace       used 103201K, committed 103936K, reserved 1179648K
  class space    used 14453K, committed 14784K, reserved 1048576K
}
Event: 8.086 GC heap after
{Heap after GC invocations=35 (full 0):
 garbage-first heap   total 217088K, used 114172K [0x0000000080000000, 0x0000000100000000)
  region size 1024K, 8 young (8192K), 8 survivors (8192K)
 Metaspace       used 103201K, committed 103936K, reserved 1179648K
  class space    used 14453K, committed 14784K, reserved 1048576K
}
Event: 8.240 GC heap before
{Heap before GC invocations=35 (full 0):
 garbage-first heap   total 217088K, used 176636K [0x0000000080000000, 0x0000000100000000)
  region size 1024K, 70 young (71680K), 8 survivors (8192K)
 Metaspace       used 103518K, committed 104320K, reserved 1179648K
  class space    used 14493K, committed 14848K, reserved 1048576K
}
Event: 8.245 GC heap after
{Heap after GC invocations=36 (full 0):
 garbage-first heap   total 434176K, used 116366K [0x0000000080000000, 0x0000000100000000)
  region size 1024K, 7 young (7168K), 7 survivors (7168K)
 Metaspace       used 103518K, committed 104320K, reserved 1179648K
  class space    used 14493K, committed 14848K, reserved 1048576K
}
Event: 8.509 GC heap before
{Heap before GC invocations=36 (full 0):
 garbage-first heap   total 434176K, used 168590K [0x0000000080000000, 0x0000000100000000)
  region size 1024K, 59 young (60416K), 7 survivors (7168K)
 Metaspace       used 105499K, committed 106240K, reserved 1179648K
  class space    used 14743K, committed 15104K, reserved 1048576K
}
Event: 8.513 GC heap after
{Heap after GC invocations=37 (full 0):
 garbage-first heap   total 434176K, used 119197K [0x0000000080000000, 0x0000000100000000)
  region size 1024K, 10 young (10240K), 10 survivors (10240K)
 Metaspace       used 105499K, committed 106240K, reserved 1179648K
  class space    used 14743K, committed 15104K, reserved 1048576K
}

