# JRE version: OpenJDK Runtime Environment (17.0.10) (build 17.0.10+0--11609105)
# Java VM: OpenJDK 64-Bit Server VM (17.0.10+0--11609105, mixed mode, tiered, compressed oops, compressed class ptrs, g1 gc, windows-amd64)
GC Precious Log:
 CPUs: 12 total, 12 available
 Memory: 16163M
 Large Page Support: Disabled
 NUMA Support: Disabled
 Compressed Oops: Enabled (32-bit)
 Heap Region Size: 1M
 Heap Min Capacity: 8M
 Heap Initial Capacity: 254M
 Heap Max Capacity: 2G
 Pre-touch: Disabled
 Parallel Workers: 10
 Concurrent Workers: 3
 Concurrent Refinement Workers: 10
 Periodic GC: Disabled
Heap:
 garbage-first heap   total 276480K, used 181248K [0x0000000080000000, 0x0000000100000000)
  region size 1024K, 8 young (8192K), 8 survivors (8192K)
 Metaspace       used 118007K, committed 118848K, reserved 1179648K
  class space    used 16829K, committed 17280K, reserved 1048576K
GC Heap History (20 events):
Event: 7.564 GC heap after
{Heap after GC invocations=31 (full 0):
 garbage-first heap   total 276480K, used 87645K [0x0000000080000000, 0x0000000100000000)
  region size 1024K, 1 young (1024K), 1 survivors (1024K)
 Metaspace       used 81034K, committed 81664K, reserved 1179648K
  class space    used 11017K, committed 11328K, reserved 1048576K
}
Event: 8.509 GC heap before
{Heap before GC invocations=31 (full 0):
 garbage-first heap   total 276480K, used 201309K [0x0000000080000000, 0x0000000100000000)
  region size 1024K, 112 young (114688K), 1 survivors (1024K)
 Metaspace       used 89176K, committed 89856K, reserved 1179648K
  class space    used 12387K, committed 12736K, reserved 1048576K
}
Event: 8.512 GC heap after
{Heap after GC invocations=32 (full 0):
 garbage-first heap   total 276480K, used 90962K [0x0000000080000000, 0x0000000100000000)
  region size 1024K, 5 young (5120K), 5 survivors (5120K)
 Metaspace       used 89176K, committed 89856K, reserved 1179648K
  class space    used 12387K, committed 12736K, reserved 1048576K
}
Event: 9.504 GC heap before
{Heap before GC invocations=32 (full 0):
 garbage-first heap   total 276480K, used 222034K [0x0000000080000000, 0x0000000100000000)
  region size 1024K, 133 young (136192K), 5 survivors (5120K)
 Metaspace       used 98911K, committed 99648K, reserved 1179648K
  class space    used 13773K, committed 14144K, reserved 1048576K
}
Event: 9.511 GC heap after
{Heap after GC invocations=33 (full 0):
 garbage-first heap   total 276480K, used 97938K [0x0000000080000000, 0x0000000100000000)
  region size 1024K, 11 young (11264K), 11 survivors (11264K)
 Metaspace       used 98911K, committed 99648K, reserved 1179648K
  class space    used 13773K, committed 14144K, reserved 1048576K
}
Event: 10.075 GC heap before
{Heap before GC invocations=33 (full 0):
 garbage-first heap   total 276480K, used 221842K [0x0000000080000000, 0x0000000100000000)
  region size 1024K, 133 young (136192K), 11 survivors (11264K)
 Metaspace       used 102403K, committed 103168K, reserved 1179648K
  class space    used 14312K, committed 14656K, reserved 1048576K
}
Event: 10.084 GC heap after
{Heap after GC invocations=34 (full 0):
 garbage-first heap   total 276480K, used 107340K [0x0000000080000000, 0x0000000100000000)
  region size 1024K, 17 young (17408K), 17 survivors (17408K)
 Metaspace       used 102403K, committed 103168K, reserved 1179648K
  class space    used 14312K, committed 14656K, reserved 1048576K
}
Event: 10.542 GC heap before
{Heap before GC invocations=34 (full 0):
 garbage-first heap   total 276480K, used 222028K [0x0000000080000000, 0x0000000100000000)
  region size 1024K, 130 young (133120K), 17 survivors (17408K)
 Metaspace       used 103144K, committed 103936K, reserved 1179648K
  class space    used 14411K, committed 14784K, reserved 1048576K
}
Event: 10.550 GC heap after
{Heap after GC invocations=35 (full 0):
 garbage-first heap   total 276480K, used 112070K [0x0000000080000000, 0x0000000100000000)
  region size 1024K, 8 young (8192K), 8 survivors (8192K)
 Metaspace       used 103144K, committed 103936K, reserved 1179648K
  class space    used 14411K, committed 14784K, reserved 1048576K
}
Event: 11.123 GC heap before
{Heap before GC invocations=35 (full 0):
 garbage-first heap   total 276480K, used 229830K [0x0000000080000000, 0x0000000100000000)
  region size 1024K, 119 young (121856K), 8 survivors (8192K)
 Metaspace       used 105131K, committed 105920K, reserved 1179648K
  class space    used 14598K, committed 14976K, reserved 1048576K
}
Event: 11.129 GC heap after
{Heap after GC invocations=36 (full 0):
 garbage-first heap   total 276480K, used 116407K [0x0000000080000000, 0x0000000100000000)
  region size 1024K, 12 young (12288K), 12 survivors (12288K)
 Metaspace       used 105131K, committed 105920K, reserved 1179648K
  class space    used 14598K, committed 14976K, reserved 1048576K
}
Event: 11.535 GC heap before
{Heap before GC invocations=36 (full 0):
 garbage-first heap   total 276480K, used 224951K [0x0000000080000000, 0x0000000100000000)
  region size 1024K, 119 young (121856K), 12 survivors (12288K)
 Metaspace       used 108764K, committed 109632K, reserved 1179648K
  class space    used 15181K, committed 15616K, reserved 1048576K
}
Event: 11.542 GC heap after
{Heap after GC invocations=37 (full 0):
 garbage-first heap   total 276480K, used 129660K [0x0000000080000000, 0x0000000100000000)
  region size 1024K, 15 young (15360K), 15 survivors (15360K)
 Metaspace       used 108764K, committed 109632K, reserved 1179648K
  class space    used 15181K, committed 15616K, reserved 1048576K
}
Event: 11.800 GC heap before
{Heap before GC invocations=37 (full 0):
 garbage-first heap   total 276480K, used 220796K [0x0000000080000000, 0x0000000100000000)
  region size 1024K, 105 young (107520K), 15 survivors (15360K)
 Metaspace       used 112274K, committed 113088K, reserved 1179648K
  class space    used 15762K, committed 16192K, reserved 1048576K
}
Event: 11.814 GC heap after
{Heap after GC invocations=38 (full 0):
 garbage-first heap   total 276480K, used 145299K [0x0000000080000000, 0x0000000100000000)
  region size 1024K, 14 young (14336K), 14 survivors (14336K)
 Metaspace       used 112274K, committed 113088K, reserved 1179648K
  class space    used 15762K, committed 16192K, reserved 1048576K
}
Event: 11.979 GC heap before
{Heap before GC invocations=38 (full 0):
 garbage-first heap   total 276480K, used 219027K [0x0000000080000000, 0x0000000100000000)
  region size 1024K, 87 young (89088K), 14 survivors (14336K)
 Metaspace       used 114598K, committed 115456K, reserved 1179648K
  class space    used 16140K, committed 16576K, reserved 1048576K
}
Event: 11.993 GC heap after
{Heap after GC invocations=39 (full 0):
 garbage-first heap   total 276480K, used 158720K [0x0000000080000000, 0x0000000100000000)
  region size 1024K, 11 young (11264K), 11 survivors (11264K)
 Metaspace       used 114598K, committed 115456K, reserved 1179648K
  class space    used 16140K, committed 16576K, reserved 1048576K
}
Event: 12.142 GC heap before
{Heap before GC invocations=39 (full 0):
 garbage-first heap   total 276480K, used 222208K [0x0000000080000000, 0x0000000100000000)
  region size 1024K, 74 young (75776K), 11 survivors (11264K)
 Metaspace       used 117453K, committed 118272K, reserved 1179648K
  class space    used 16737K, committed 17152K, reserved 1048576K
}
Event: 12.152 GC heap after
{Heap after GC invocations=40 (full 0):
 garbage-first heap   total 276480K, used 170271K [0x0000000080000000, 0x0000000100000000)
  region size 1024K, 10 young (10240K), 10 survivors (10240K)
 Metaspace       used 117453K, committed 118272K, reserved 1179648K
  class space    used 16737K, committed 17152K, reserved 1048576K
}
Event: 12.189 GC heap before
{Heap before GC invocations=40 (full 0):
 garbage-first heap   total 276480K, used 224543K [0x0000000080000000, 0x0000000100000000)
  region size 1024K, 64 young (65536K), 10 survivors (10240K)
 Metaspace       used 118007K, committed 118848K, reserved 1179648K
  class space    used 16829K, committed 17280K, reserved 1048576K
}

