# JRE version: OpenJDK Runtime Environment (17.0.10) (build 17.0.10+0--11609105)
# Java VM: OpenJDK 64-Bit Server VM (17.0.10+0--11609105, mixed mode, tiered, compressed oops, compressed class ptrs, g1 gc, windows-amd64)
GC Precious Log:
 CPUs: 12 total, 12 available
 Memory: 16163M
 Large Page Support: Disabled
 NUMA Support: Disabled
 Compressed Oops: Enabled (32-bit)
 Heap Region Size: 1M
 Heap Min Capacity: 8M
 Heap Initial Capacity: 254M
 Heap Max Capacity: 2G
 Pre-touch: Disabled
 Parallel Workers: 10
 Concurrent Workers: 3
 Concurrent Refinement Workers: 10
 Periodic GC: Disabled
Heap:
 garbage-first heap   total 403456K, used 196607K [0x0000000080000000, 0x0000000100000000)
  region size 1024K, 3 young (3072K), 3 survivors (3072K)
 Metaspace       used 124311K, committed 125184K, reserved 1179648K
  class space    used 17935K, committed 18368K, reserved 1048576K
GC Heap History (20 events):
Event: 11.895 GC heap after
{Heap after GC invocations=36 (full 0):
 garbage-first heap   total 190464K, used 108634K [0x0000000080000000, 0x0000000100000000)
  region size 1024K, 4 young (4096K), 4 survivors (4096K)
 Metaspace       used 102731K, committed 103488K, reserved 1179648K
  class space    used 14351K, committed 14720K, reserved 1048576K
}
Event: 12.174 GC heap before
{Heap before GC invocations=36 (full 0):
 garbage-first heap   total 190464K, used 156762K [0x0000000080000000, 0x0000000100000000)
  region size 1024K, 52 young (53248K), 4 survivors (4096K)
 Metaspace       used 103303K, committed 104064K, reserved 1179648K
  class space    used 14449K, committed 14848K, reserved 1048576K
}
Event: 12.177 GC heap after
{Heap after GC invocations=37 (full 0):
 garbage-first heap   total 190464K, used 110692K [0x0000000080000000, 0x0000000100000000)
  region size 1024K, 6 young (6144K), 6 survivors (6144K)
 Metaspace       used 103303K, committed 104064K, reserved 1179648K
  class space    used 14449K, committed 14848K, reserved 1048576K
}
Event: 12.701 GC heap before
{Heap before GC invocations=37 (full 0):
 garbage-first heap   total 190464K, used 156772K [0x0000000080000000, 0x0000000100000000)
  region size 1024K, 52 young (53248K), 6 survivors (6144K)
 Metaspace       used 103455K, committed 104256K, reserved 1179648K
  class space    used 14466K, committed 14848K, reserved 1048576K
}
Event: 12.705 GC heap after
{Heap after GC invocations=38 (full 0):
 garbage-first heap   total 190464K, used 112855K [0x0000000080000000, 0x0000000100000000)
  region size 1024K, 5 young (5120K), 5 survivors (5120K)
 Metaspace       used 103455K, committed 104256K, reserved 1179648K
  class space    used 14466K, committed 14848K, reserved 1048576K
}
Event: 12.923 GC heap before
{Heap before GC invocations=39 (full 0):
 garbage-first heap   total 215040K, used 156887K [0x0000000080000000, 0x0000000100000000)
  region size 1024K, 49 young (50176K), 5 survivors (5120K)
 Metaspace       used 103554K, committed 104320K, reserved 1179648K
  class space    used 14484K, committed 14848K, reserved 1048576K
}
Event: 12.926 GC heap after
{Heap after GC invocations=40 (full 0):
 garbage-first heap   total 215040K, used 113669K [0x0000000080000000, 0x0000000100000000)
  region size 1024K, 4 young (4096K), 4 survivors (4096K)
 Metaspace       used 103554K, committed 104320K, reserved 1179648K
  class space    used 14484K, committed 14848K, reserved 1048576K
}
Event: 12.974 GC heap before
{Heap before GC invocations=40 (full 0):
 garbage-first heap   total 215040K, used 123909K [0x0000000080000000, 0x0000000100000000)
  region size 1024K, 10 young (10240K), 4 survivors (4096K)
 Metaspace       used 104552K, committed 105280K, reserved 1179648K
  class space    used 14550K, committed 14912K, reserved 1048576K
}
Event: 12.976 GC heap after
{Heap after GC invocations=41 (full 0):
 garbage-first heap   total 215040K, used 111754K [0x0000000080000000, 0x0000000100000000)
  region size 1024K, 1 young (1024K), 1 survivors (1024K)
 Metaspace       used 104552K, committed 105280K, reserved 1179648K
  class space    used 14550K, committed 14912K, reserved 1048576K
}
Event: 13.170 GC heap before
{Heap before GC invocations=41 (full 0):
 garbage-first heap   total 215040K, used 177290K [0x0000000080000000, 0x0000000100000000)
  region size 1024K, 66 young (67584K), 1 survivors (1024K)
 Metaspace       used 105482K, committed 106240K, reserved 1179648K
  class space    used 14672K, committed 15040K, reserved 1048576K
}
Event: 13.175 GC heap after
{Heap after GC invocations=42 (full 0):
 garbage-first heap   total 403456K, used 117548K [0x0000000080000000, 0x0000000100000000)
  region size 1024K, 7 young (7168K), 7 survivors (7168K)
 Metaspace       used 105482K, committed 106240K, reserved 1179648K
  class space    used 14672K, committed 15040K, reserved 1048576K
}
Event: 13.866 GC heap before
{Heap before GC invocations=42 (full 0):
 garbage-first heap   total 403456K, used 326444K [0x0000000080000000, 0x0000000100000000)
  region size 1024K, 212 young (217088K), 7 survivors (7168K)
 Metaspace       used 113254K, committed 114112K, reserved 1179648K
  class space    used 15972K, committed 16384K, reserved 1048576K
}
Event: 13.888 GC heap after
{Heap after GC invocations=43 (full 0):
 garbage-first heap   total 403456K, used 148792K [0x0000000080000000, 0x0000000100000000)
  region size 1024K, 27 young (27648K), 27 survivors (27648K)
 Metaspace       used 113254K, committed 114112K, reserved 1179648K
  class space    used 15972K, committed 16384K, reserved 1048576K
}
Event: 14.170 GC heap before
{Heap before GC invocations=43 (full 0):
 garbage-first heap   total 403456K, used 297272K [0x0000000080000000, 0x0000000100000000)
  region size 1024K, 173 young (177152K), 27 survivors (27648K)
 Metaspace       used 117571K, committed 118464K, reserved 1179648K
  class space    used 16769K, committed 17216K, reserved 1048576K
}
Event: 14.192 GC heap after
{Heap after GC invocations=44 (full 0):
 garbage-first heap   total 403456K, used 171440K [0x0000000080000000, 0x0000000100000000)
  region size 1024K, 22 young (22528K), 22 survivors (22528K)
 Metaspace       used 117571K, committed 118464K, reserved 1179648K
  class space    used 16769K, committed 17216K, reserved 1048576K
}
Event: 14.426 GC heap before
{Heap before GC invocations=44 (full 0):
 garbage-first heap   total 403456K, used 306608K [0x0000000080000000, 0x0000000100000000)
  region size 1024K, 155 young (158720K), 22 survivors (22528K)
 Metaspace       used 121661K, committed 122496K, reserved 1179648K
  class space    used 17588K, committed 17984K, reserved 1048576K
}
Event: 14.446 GC heap after
{Heap after GC invocations=45 (full 0):
 garbage-first heap   total 403456K, used 193363K [0x0000000080000000, 0x0000000100000000)
  region size 1024K, 20 young (20480K), 20 survivors (20480K)
 Metaspace       used 121661K, committed 122496K, reserved 1179648K
  class space    used 17588K, committed 17984K, reserved 1048576K
}
Event: 14.704 GC heap before
{Heap before GC invocations=45 (full 0):
 garbage-first heap   total 403456K, used 315219K [0x0000000080000000, 0x0000000100000000)
  region size 1024K, 139 young (142336K), 20 survivors (20480K)
 Metaspace       used 123122K, committed 124032K, reserved 1179648K
  class space    used 17815K, committed 18240K, reserved 1048576K
}
Event: 14.713 GC heap after
{Heap after GC invocations=46 (full 0):
 garbage-first heap   total 403456K, used 197442K [0x0000000080000000, 0x0000000100000000)
  region size 1024K, 4 young (4096K), 4 survivors (4096K)
 Metaspace       used 123122K, committed 124032K, reserved 1179648K
  class space    used 17815K, committed 18240K, reserved 1048576K
}
Event: 14.922 GC heap before
{Heap before GC invocations=46 (full 0):
 garbage-first heap   total 403456K, used 323394K [0x0000000080000000, 0x0000000100000000)
  region size 1024K, 127 young (130048K), 4 survivors (4096K)
 Metaspace       used 124311K, committed 125184K, reserved 1179648K
  class space    used 17935K, committed 18368K, reserved 1048576K
}

