# JRE version: OpenJDK Runtime Environment (17.0.10) (build 17.0.10+0--11609105)
# Java VM: OpenJDK 64-Bit Server VM (17.0.10+0--11609105, mixed mode, tiered, compressed oops, compressed class ptrs, g1 gc, windows-amd64)
GC Precious Log:
 CPUs: 12 total, 12 available
 Memory: 16163M
 Large Page Support: Disabled
 NUMA Support: Disabled
 Compressed Oops: Enabled (32-bit)
 Heap Region Size: 1M
 Heap Min Capacity: 8M
 Heap Initial Capacity: 254M
 Heap Max Capacity: 2G
 Pre-touch: Disabled
 Parallel Workers: 10
 Concurrent Workers: 3
 Concurrent Refinement Workers: 10
 Periodic GC: Disabled
Heap:
 garbage-first heap   total 387072K, used 242424K [0x0000000080000000, 0x0000000100000000)
  region size 1024K, 132 young (135168K), 11 survivors (11264K)
 Metaspace       used 108378K, committed 109248K, reserved 1179648K
  class space    used 15165K, committed 15552K, reserved 1048576K
GC Heap History (20 events):
Event: 6.688 GC heap before
{Heap before GC invocations=36 (full 0):
 garbage-first heap   total 184320K, used 146880K [0x0000000080000000, 0x0000000100000000)
  region size 1024K, 60 young (61440K), 3 survivors (3072K)
 Metaspace       used 88498K, committed 89152K, reserved 1179648K
  class space    used 12316K, committed 12608K, reserved 1048576K
}
Event: 6.691 GC heap after
{Heap after GC invocations=37 (full 0):
 garbage-first heap   total 184320K, used 90809K [0x0000000080000000, 0x0000000100000000)
  region size 1024K, 5 young (5120K), 5 survivors (5120K)
 Metaspace       used 88498K, committed 89152K, reserved 1179648K
  class space    used 12316K, committed 12608K, reserved 1048576K
}
Event: 7.196 GC heap before
{Heap before GC invocations=37 (full 0):
 garbage-first heap   total 184320K, used 149177K [0x0000000080000000, 0x0000000100000000)
  region size 1024K, 62 young (63488K), 5 survivors (5120K)
 Metaspace       used 92549K, committed 93184K, reserved 1179648K
  class space    used 12913K, committed 13248K, reserved 1048576K
}
Event: 7.201 GC heap after
{Heap after GC invocations=38 (full 0):
 garbage-first heap   total 184320K, used 93809K [0x0000000080000000, 0x0000000100000000)
  region size 1024K, 6 young (6144K), 6 survivors (6144K)
 Metaspace       used 92549K, committed 93184K, reserved 1179648K
  class space    used 12913K, committed 13248K, reserved 1048576K
}
Event: 7.599 GC heap before
{Heap before GC invocations=39 (full 0):
 garbage-first heap   total 184320K, used 151153K [0x0000000080000000, 0x0000000100000000)
  region size 1024K, 62 young (63488K), 6 survivors (6144K)
 Metaspace       used 96912K, committed 97664K, reserved 1179648K
  class space    used 13584K, committed 13952K, reserved 1048576K
}
Event: 7.604 GC heap after
{Heap after GC invocations=40 (full 0):
 garbage-first heap   total 184320K, used 96758K [0x0000000080000000, 0x0000000100000000)
  region size 1024K, 6 young (6144K), 6 survivors (6144K)
 Metaspace       used 96912K, committed 97664K, reserved 1179648K
  class space    used 13584K, committed 13952K, reserved 1048576K
}
Event: 7.656 GC heap before
{Heap before GC invocations=40 (full 0):
 garbage-first heap   total 184320K, used 99830K [0x0000000080000000, 0x0000000100000000)
  region size 1024K, 9 young (9216K), 6 survivors (6144K)
 Metaspace       used 97681K, committed 98368K, reserved 1179648K
  class space    used 13674K, committed 14016K, reserved 1048576K
}
Event: 7.660 GC heap after
{Heap after GC invocations=41 (full 0):
 garbage-first heap   total 184320K, used 96214K [0x0000000080000000, 0x0000000100000000)
  region size 1024K, 1 young (1024K), 1 survivors (1024K)
 Metaspace       used 97681K, committed 98368K, reserved 1179648K
  class space    used 13674K, committed 14016K, reserved 1048576K
}
Event: 8.033 GC heap before
{Heap before GC invocations=41 (full 0):
 garbage-first heap   total 184320K, used 153558K [0x0000000080000000, 0x0000000100000000)
  region size 1024K, 57 young (58368K), 1 survivors (1024K)
 Metaspace       used 100959K, committed 101632K, reserved 1179648K
  class space    used 14148K, committed 14464K, reserved 1048576K
}
Event: 8.036 GC heap after
{Heap after GC invocations=42 (full 0):
 garbage-first heap   total 184320K, used 99663K [0x0000000080000000, 0x0000000100000000)
  region size 1024K, 5 young (5120K), 5 survivors (5120K)
 Metaspace       used 100959K, committed 101632K, reserved 1179648K
  class space    used 14148K, committed 14464K, reserved 1048576K
}
Event: 8.278 GC heap before
{Heap before GC invocations=42 (full 0):
 garbage-first heap   total 184320K, used 151887K [0x0000000080000000, 0x0000000100000000)
  region size 1024K, 57 young (58368K), 5 survivors (5120K)
 Metaspace       used 102241K, committed 102976K, reserved 1179648K
  class space    used 14346K, committed 14720K, reserved 1048576K
}
Event: 8.284 GC heap after
{Heap after GC invocations=43 (full 0):
 garbage-first heap   total 184320K, used 105187K [0x0000000080000000, 0x0000000100000000)
  region size 1024K, 8 young (8192K), 8 survivors (8192K)
 Metaspace       used 102241K, committed 102976K, reserved 1179648K
  class space    used 14346K, committed 14720K, reserved 1048576K
}
Event: 8.386 GC heap before
{Heap before GC invocations=43 (full 0):
 garbage-first heap   total 184320K, used 151267K [0x0000000080000000, 0x0000000100000000)
  region size 1024K, 54 young (55296K), 8 survivors (8192K)
 Metaspace       used 102348K, committed 103168K, reserved 1179648K
  class space    used 14347K, committed 14720K, reserved 1048576K
}
Event: 8.391 GC heap after
{Heap after GC invocations=44 (full 0):
 garbage-first heap   total 184320K, used 108067K [0x0000000080000000, 0x0000000100000000)
  region size 1024K, 4 young (4096K), 4 survivors (4096K)
 Metaspace       used 102348K, committed 103168K, reserved 1179648K
  class space    used 14347K, committed 14720K, reserved 1048576K
}
Event: 8.603 GC heap before
{Heap before GC invocations=45 (full 0):
 garbage-first heap   total 193536K, used 152099K [0x0000000080000000, 0x0000000100000000)
  region size 1024K, 48 young (49152K), 4 survivors (4096K)
 Metaspace       used 102951K, committed 103680K, reserved 1179648K
  class space    used 14446K, committed 14784K, reserved 1048576K
}
Event: 8.607 GC heap after
{Heap after GC invocations=46 (full 0):
 garbage-first heap   total 193536K, used 110190K [0x0000000080000000, 0x0000000100000000)
  region size 1024K, 5 young (5120K), 5 survivors (5120K)
 Metaspace       used 102951K, committed 103680K, reserved 1179648K
  class space    used 14446K, committed 14784K, reserved 1048576K
}
Event: 8.615 GC heap before
{Heap before GC invocations=46 (full 0):
 garbage-first heap   total 193536K, used 113262K [0x0000000080000000, 0x0000000100000000)
  region size 1024K, 9 young (9216K), 5 survivors (5120K)
 Metaspace       used 102960K, committed 103680K, reserved 1179648K
  class space    used 14446K, committed 14784K, reserved 1048576K
}
Event: 8.619 GC heap after
{Heap after GC invocations=47 (full 0):
 garbage-first heap   total 387072K, used 108941K [0x0000000080000000, 0x0000000100000000)
  region size 1024K, 2 young (2048K), 2 survivors (2048K)
 Metaspace       used 102960K, committed 103680K, reserved 1179648K
  class space    used 14446K, committed 14784K, reserved 1048576K
}
Event: 9.428 GC heap before
{Heap before GC invocations=47 (full 0):
 garbage-first heap   total 387072K, used 310669K [0x0000000080000000, 0x0000000100000000)
  region size 1024K, 200 young (204800K), 2 survivors (2048K)
 Metaspace       used 106986K, committed 107776K, reserved 1179648K
  class space    used 14956K, committed 15360K, reserved 1048576K
}
Event: 9.437 GC heap after
{Heap after GC invocations=48 (full 0):
 garbage-first heap   total 387072K, used 118520K [0x0000000080000000, 0x0000000100000000)
  region size 1024K, 11 young (11264K), 11 survivors (11264K)
 Metaspace       used 106986K, committed 107776K, reserved 1179648K
  class space    used 14956K, committed 15360K, reserved 1048576K
}

